<?xml version="1.0" encoding="UTF-8"?>
<testsuite name="TransportCompanyDaoTest" tests="1" skipped="0" failures="0" errors="0" timestamp="2023-12-07T21:23:35" hostname="GAMER-PC" time="4.059">
  <properties/>
  <testcase name="testIsThereObligationsThatAreNotPaid()" classname="TransportCompanyDaoTest" time="4.059"/>
  <system-out><![CDATA[[INFO ] 2023-12-07 23:23:36.107 [Test worker] Version - HHH000412: Hibernate ORM core version 6.3.1.Final
[INFO ] 2023-12-07 23:23:36.115 [Test worker] Environment - HHH000205: Loaded properties from resource hibernate.properties: {hibernate.connection.driver_class=com.mysql.cj.jdbc.Driver, hibernate.dialect.storage_engine=innodb, hibernate.hbm2ddl.auto=update, hibernate.dialect=org.hibernate.dialect.MySQL5Dialect, hibernate.connection.password=****, hibernate.connection.username=root, hibernate.connection.url=jdbc:mysql://localhost:3306/TransportCompany?createDatabaseIfNotExist=true&useSSL=true, hibernate.show_sql=true}
[INFO ] 2023-12-07 23:23:36.216 [Test worker] RegionFactoryInitiator - HHH000026: Second-level cache disabled
[WARN ] 2023-12-07 23:23:36.407 [Test worker] pooling - HHH10001002: Using built-in connection pool (not intended for production use)
[INFO ] 2023-12-07 23:23:36.415 [Test worker] pooling - HHH10001005: Loaded JDBC driver class: com.mysql.cj.jdbc.Driver
[INFO ] 2023-12-07 23:23:36.415 [Test worker] pooling - HHH10001012: Connecting with JDBC URL [jdbc:mysql://localhost:3306/TransportCompany?createDatabaseIfNotExist=true&useSSL=true]
[INFO ] 2023-12-07 23:23:36.415 [Test worker] pooling - HHH10001001: Connection properties: {password=****, user=root}
[INFO ] 2023-12-07 23:23:36.416 [Test worker] pooling - HHH10001003: Autocommit mode: false
[INFO ] 2023-12-07 23:23:36.420 [Test worker] pooling - HHH10001115: Connection pool size: 20 (min=1)
[WARN ] 2023-12-07 23:23:37.103 [Test worker] deprecation - HHH90000025: MySQL5Dialect does not need to be specified explicitly using 'hibernate.dialect' (remove the property setting and it will be selected by default)
[DEBUG] 2023-12-07 23:23:37.134 [Test worker] DdlTypeRegistry - addDescriptor(12, org.hibernate.type.descriptor.sql.internal.CapacityDependentDdlType@7b306b9f) replaced previous registration(org.hibernate.type.descriptor.sql.internal.CapacityDependentDdlType@142213d5)
[DEBUG] 2023-12-07 23:23:37.134 [Test worker] DdlTypeRegistry - addDescriptor(-9, org.hibernate.type.descriptor.sql.internal.CapacityDependentDdlType@934b52f) replaced previous registration(org.hibernate.type.descriptor.sql.internal.CapacityDependentDdlType@2630dbc4)
[DEBUG] 2023-12-07 23:23:37.135 [Test worker] DdlTypeRegistry - addDescriptor(-3, org.hibernate.type.descriptor.sql.internal.CapacityDependentDdlType@5ea4300e) replaced previous registration(org.hibernate.type.descriptor.sql.internal.CapacityDependentDdlType@5a1c3cb4)
[DEBUG] 2023-12-07 23:23:37.135 [Test worker] DdlTypeRegistry - addDescriptor(4003, org.hibernate.type.descriptor.sql.internal.DdlTypeImpl@76ad6715) replaced previous registration(org.hibernate.type.descriptor.sql.internal.DdlTypeImpl@56637cff)
[DEBUG] 2023-12-07 23:23:37.135 [Test worker] DdlTypeRegistry - addDescriptor(4001, org.hibernate.type.descriptor.sql.internal.DdlTypeImpl@2938127d) replaced previous registration(org.hibernate.type.descriptor.sql.internal.DdlTypeImpl@127a7272)
[DEBUG] 2023-12-07 23:23:37.135 [Test worker] DdlTypeRegistry - addDescriptor(4002, org.hibernate.type.descriptor.sql.internal.DdlTypeImpl@ff23ae7) replaced previous registration(org.hibernate.type.descriptor.sql.internal.DdlTypeImpl@423b2b62)
[DEBUG] 2023-12-07 23:23:37.136 [Test worker] DdlTypeRegistry - addDescriptor(2004, org.hibernate.type.descriptor.sql.internal.CapacityDependentDdlType@2b7962a2) replaced previous registration(org.hibernate.type.descriptor.sql.internal.DdlTypeImpl@6ad16c5d)
[DEBUG] 2023-12-07 23:23:37.136 [Test worker] DdlTypeRegistry - addDescriptor(2005, org.hibernate.type.descriptor.sql.internal.CapacityDependentDdlType@74ea46e2) replaced previous registration(org.hibernate.type.descriptor.sql.internal.DdlTypeImpl@6f911326)
[DEBUG] 2023-12-07 23:23:37.136 [Test worker] DdlTypeRegistry - addDescriptor(2011, org.hibernate.type.descriptor.sql.internal.CapacityDependentDdlType@f1d0004) replaced previous registration(org.hibernate.type.descriptor.sql.internal.DdlTypeImpl@6e4f263e)
[INFO ] 2023-12-07 23:23:38.757 [Test worker] JtaPlatformInitiator - HHH000489: No JTA platform available (set 'hibernate.transaction.jta.platform' to enable JTA platform integration)
[INFO ] 2023-12-07 23:23:38.804 [Test worker] access - HHH10001501: Connection obtained from JdbcConnectionAccess [org.hibernate.engine.jdbc.env.internal.JdbcEnvironmentInitiator$ConnectionProviderJdbcConnectionAccess@2b99c937] for (non-JTA) DDL execution was not in auto-commit mode; the Connection 'local transaction' will be committed and the Connection will be set into auto-commit mode.
[DEBUG] 2023-12-07 23:23:39.214 [Test worker] SQL - select c1_0.id,c1_0.Name,c1_0.finances,o1_0.client_id,o1_0.id,o1_0.amount,o1_0.isDeleted from Client c1_0 left join obligations o1_0 on c1_0.id=o1_0.client_id where c1_0.id=?
Hibernate: select c1_0.id,c1_0.Name,c1_0.finances,o1_0.client_id,o1_0.id,o1_0.amount,o1_0.isDeleted from Client c1_0 left join obligations o1_0 on c1_0.id=o1_0.client_id where c1_0.id=?
[DEBUG] 2023-12-07 23:23:39.316 [Test worker] SQL - select tc1_0.client_id,tc1_1.id,tc1_1.income,tc1_1.name from ClientTransportCompany tc1_0 join TransportCompany tc1_1 on tc1_1.id=tc1_0.company_id where tc1_0.client_id=?
Hibernate: select tc1_0.client_id,tc1_1.id,tc1_1.income,tc1_1.name from ClientTransportCompany tc1_0 join TransportCompany tc1_1 on tc1_1.id=tc1_0.company_id where tc1_0.client_id=?
[DEBUG] 2023-12-07 23:23:39.345 [Test worker] SQL - select v1_0.company_id,v1_0.id,v1_0.vehicleType from TransportVehicle v1_0 where v1_0.company_id=?
Hibernate: select v1_0.company_id,v1_0.id,v1_0.vehicleType from TransportVehicle v1_0 where v1_0.company_id=?
[DEBUG] 2023-12-07 23:23:39.348 [Test worker] SQL - select m1_0.vehicle_id,m1_0.id,m1_0.PriceForMission,m1_0.content,m1_0.dateOfArrival,m1_0.dateOfDeparture,m1_0.departureArrivalPoint,m1_0.departureStartingPoint,d1_0.id,c1_0.id,c1_0.income,c1_0.name,d1_0.name,d1_0.salary,m1_0.weight from TransportVehicleMission m1_0 left join DriverEmployee d1_0 on d1_0.id=m1_0.driver_id left join TransportCompany c1_0 on c1_0.id=d1_0.company_id where m1_0.vehicle_id=?
Hibernate: select m1_0.vehicle_id,m1_0.id,m1_0.PriceForMission,m1_0.content,m1_0.dateOfArrival,m1_0.dateOfDeparture,m1_0.departureArrivalPoint,m1_0.departureStartingPoint,d1_0.id,c1_0.id,c1_0.income,c1_0.name,d1_0.name,d1_0.salary,m1_0.weight from TransportVehicleMission m1_0 left join DriverEmployee d1_0 on d1_0.id=m1_0.driver_id left join TransportCompany c1_0 on c1_0.id=d1_0.company_id where m1_0.vehicle_id=?
[DEBUG] 2023-12-07 23:23:39.363 [Test worker] SQL - select q1_0.driver_id,q1_0.id,q1_0.name from Qualification q1_0 where q1_0.driver_id=?
Hibernate: select q1_0.driver_id,q1_0.id,q1_0.name from Qualification q1_0 where q1_0.driver_id=?
[DEBUG] 2023-12-07 23:23:39.375 [Test worker] SQL - select m1_0.driver_id,m1_0.id,m1_0.PriceForMission,m1_0.content,m1_0.dateOfArrival,m1_0.dateOfDeparture,m1_0.departureArrivalPoint,m1_0.departureStartingPoint,v1_0.id,c1_0.id,c1_0.income,c1_0.name,v1_0.vehicleType,m1_0.weight from TransportVehicleMission m1_0 left join TransportVehicle v1_0 on v1_0.id=m1_0.vehicle_id left join TransportCompany c1_0 on c1_0.id=v1_0.company_id where m1_0.driver_id=?
Hibernate: select m1_0.driver_id,m1_0.id,m1_0.PriceForMission,m1_0.content,m1_0.dateOfArrival,m1_0.dateOfDeparture,m1_0.departureArrivalPoint,m1_0.departureStartingPoint,v1_0.id,c1_0.id,c1_0.income,c1_0.name,v1_0.vehicleType,m1_0.weight from TransportVehicleMission m1_0 left join TransportVehicle v1_0 on v1_0.id=m1_0.vehicle_id left join TransportCompany c1_0 on c1_0.id=v1_0.company_id where m1_0.driver_id=?
[DEBUG] 2023-12-07 23:23:39.377 [Test worker] SQL - select de1_0.company_id,de1_0.id,de1_0.name,q1_0.driver_id,q1_0.id,q1_0.name,de1_0.salary from DriverEmployee de1_0 left join Qualification q1_0 on de1_0.id=q1_0.driver_id where de1_0.company_id=?
Hibernate: select de1_0.company_id,de1_0.id,de1_0.name,q1_0.driver_id,q1_0.id,q1_0.name,de1_0.salary from DriverEmployee de1_0 left join Qualification q1_0 on de1_0.id=q1_0.driver_id where de1_0.company_id=?
[DEBUG] 2023-12-07 23:23:39.394 [Test worker] SQL - select tc1_0.id,de1_0.company_id,de1_0.id,de1_0.name,q1_0.driver_id,q1_0.id,q1_0.name,de1_0.salary,tc1_0.income,tc1_0.name from TransportCompany tc1_0 left join DriverEmployee de1_0 on tc1_0.id=de1_0.company_id left join Qualification q1_0 on de1_0.id=q1_0.driver_id where tc1_0.id=?
Hibernate: select tc1_0.id,de1_0.company_id,de1_0.id,de1_0.name,q1_0.driver_id,q1_0.id,q1_0.name,de1_0.salary,tc1_0.income,tc1_0.name from TransportCompany tc1_0 left join DriverEmployee de1_0 on tc1_0.id=de1_0.company_id left join Qualification q1_0 on de1_0.id=q1_0.driver_id where tc1_0.id=?
[DEBUG] 2023-12-07 23:23:39.397 [Test worker] SQL - select v1_0.company_id,v1_0.id,v1_0.vehicleType from TransportVehicle v1_0 where v1_0.company_id=?
Hibernate: select v1_0.company_id,v1_0.id,v1_0.vehicleType from TransportVehicle v1_0 where v1_0.company_id=?
[DEBUG] 2023-12-07 23:23:39.399 [Test worker] SQL - select m1_0.vehicle_id,m1_0.id,m1_0.PriceForMission,m1_0.content,m1_0.dateOfArrival,m1_0.dateOfDeparture,m1_0.departureArrivalPoint,m1_0.departureStartingPoint,d1_0.id,c1_0.id,c1_0.income,c1_0.name,d1_0.name,d1_0.salary,m1_0.weight from TransportVehicleMission m1_0 left join DriverEmployee d1_0 on d1_0.id=m1_0.driver_id left join TransportCompany c1_0 on c1_0.id=d1_0.company_id where m1_0.vehicle_id=?
Hibernate: select m1_0.vehicle_id,m1_0.id,m1_0.PriceForMission,m1_0.content,m1_0.dateOfArrival,m1_0.dateOfDeparture,m1_0.departureArrivalPoint,m1_0.departureStartingPoint,d1_0.id,c1_0.id,c1_0.income,c1_0.name,d1_0.name,d1_0.salary,m1_0.weight from TransportVehicleMission m1_0 left join DriverEmployee d1_0 on d1_0.id=m1_0.driver_id left join TransportCompany c1_0 on c1_0.id=d1_0.company_id where m1_0.vehicle_id=?
[DEBUG] 2023-12-07 23:23:39.402 [Test worker] SQL - select m1_0.driver_id,m1_0.id,m1_0.PriceForMission,m1_0.content,m1_0.dateOfArrival,m1_0.dateOfDeparture,m1_0.departureArrivalPoint,m1_0.departureStartingPoint,v1_0.id,c1_0.id,c1_0.income,c1_0.name,v1_0.vehicleType,m1_0.weight from TransportVehicleMission m1_0 left join TransportVehicle v1_0 on v1_0.id=m1_0.vehicle_id left join TransportCompany c1_0 on c1_0.id=v1_0.company_id where m1_0.driver_id=?
Hibernate: select m1_0.driver_id,m1_0.id,m1_0.PriceForMission,m1_0.content,m1_0.dateOfArrival,m1_0.dateOfDeparture,m1_0.departureArrivalPoint,m1_0.departureStartingPoint,v1_0.id,c1_0.id,c1_0.income,c1_0.name,v1_0.vehicleType,m1_0.weight from TransportVehicleMission m1_0 left join TransportVehicle v1_0 on v1_0.id=m1_0.vehicle_id left join TransportCompany c1_0 on c1_0.id=v1_0.company_id where m1_0.driver_id=?
There are obligations that the client has not paid for in the specified company.
]]></system-out>
  <system-err><![CDATA[]]></system-err>
</testsuite>
