<?xml version="1.0" encoding="UTF-8"?>
<testsuite name="ClientDAOTest" tests="1" skipped="0" failures="0" errors="0" timestamp="2023-12-06T16:48:31" hostname="GAMER-PC" time="3.237">
  <properties/>
  <testcase name="testCreateClient()" classname="ClientDAOTest" time="3.237"/>
  <system-out><![CDATA[[INFO ] 2023-12-06 18:48:32.560 [Test worker] Version - HHH000412: Hibernate ORM core version 6.3.1.Final
[INFO ] 2023-12-06 18:48:32.567 [Test worker] Environment - HHH000205: Loaded properties from resource hibernate.properties: {hibernate.connection.driver_class=com.mysql.cj.jdbc.Driver, hibernate.dialect.storage_engine=innodb, hibernate.hbm2ddl.auto=update, hibernate.dialect=org.hibernate.dialect.MySQL5Dialect, hibernate.connection.password=****, hibernate.connection.username=root, hibernate.connection.url=jdbc:mysql://localhost:3306/TransportCompany?createDatabaseIfNotExist=true&useSSL=true, hibernate.show_sql=true}
[INFO ] 2023-12-06 18:48:32.643 [Test worker] RegionFactoryInitiator - HHH000026: Second-level cache disabled
[WARN ] 2023-12-06 18:48:32.789 [Test worker] pooling - HHH10001002: Using built-in connection pool (not intended for production use)
[INFO ] 2023-12-06 18:48:32.794 [Test worker] pooling - HHH10001005: Loaded JDBC driver class: com.mysql.cj.jdbc.Driver
[INFO ] 2023-12-06 18:48:32.794 [Test worker] pooling - HHH10001012: Connecting with JDBC URL [jdbc:mysql://localhost:3306/TransportCompany?createDatabaseIfNotExist=true&useSSL=true]
[INFO ] 2023-12-06 18:48:32.794 [Test worker] pooling - HHH10001001: Connection properties: {password=****, user=root}
[INFO ] 2023-12-06 18:48:32.794 [Test worker] pooling - HHH10001003: Autocommit mode: false
[INFO ] 2023-12-06 18:48:32.798 [Test worker] pooling - HHH10001115: Connection pool size: 20 (min=1)
[WARN ] 2023-12-06 18:48:33.226 [Test worker] deprecation - HHH90000025: MySQL5Dialect does not need to be specified explicitly using 'hibernate.dialect' (remove the property setting and it will be selected by default)
[DEBUG] 2023-12-06 18:48:33.258 [Test worker] DdlTypeRegistry - addDescriptor(12, org.hibernate.type.descriptor.sql.internal.CapacityDependentDdlType@50fb33a) replaced previous registration(org.hibernate.type.descriptor.sql.internal.CapacityDependentDdlType@2cae9b8)
[DEBUG] 2023-12-06 18:48:33.259 [Test worker] DdlTypeRegistry - addDescriptor(-9, org.hibernate.type.descriptor.sql.internal.CapacityDependentDdlType@1457fde) replaced previous registration(org.hibernate.type.descriptor.sql.internal.CapacityDependentDdlType@6f94fb9d)
[DEBUG] 2023-12-06 18:48:33.259 [Test worker] DdlTypeRegistry - addDescriptor(-3, org.hibernate.type.descriptor.sql.internal.CapacityDependentDdlType@17fa1336) replaced previous registration(org.hibernate.type.descriptor.sql.internal.CapacityDependentDdlType@4228bf58)
[DEBUG] 2023-12-06 18:48:33.259 [Test worker] DdlTypeRegistry - addDescriptor(4003, org.hibernate.type.descriptor.sql.internal.DdlTypeImpl@68b9834c) replaced previous registration(org.hibernate.type.descriptor.sql.internal.DdlTypeImpl@20b9d5d5)
[DEBUG] 2023-12-06 18:48:33.259 [Test worker] DdlTypeRegistry - addDescriptor(4001, org.hibernate.type.descriptor.sql.internal.DdlTypeImpl@671d1157) replaced previous registration(org.hibernate.type.descriptor.sql.internal.DdlTypeImpl@60c8a093)
[DEBUG] 2023-12-06 18:48:33.260 [Test worker] DdlTypeRegistry - addDescriptor(4002, org.hibernate.type.descriptor.sql.internal.DdlTypeImpl@44cffc25) replaced previous registration(org.hibernate.type.descriptor.sql.internal.DdlTypeImpl@2a369e14)
[DEBUG] 2023-12-06 18:48:33.260 [Test worker] DdlTypeRegistry - addDescriptor(2004, org.hibernate.type.descriptor.sql.internal.CapacityDependentDdlType@25aeb5ac) replaced previous registration(org.hibernate.type.descriptor.sql.internal.DdlTypeImpl@c755b2)
[DEBUG] 2023-12-06 18:48:33.260 [Test worker] DdlTypeRegistry - addDescriptor(2005, org.hibernate.type.descriptor.sql.internal.CapacityDependentDdlType@3bd2af5b) replaced previous registration(org.hibernate.type.descriptor.sql.internal.DdlTypeImpl@250a500b)
[DEBUG] 2023-12-06 18:48:33.260 [Test worker] DdlTypeRegistry - addDescriptor(2011, org.hibernate.type.descriptor.sql.internal.CapacityDependentDdlType@75d982d3) replaced previous registration(org.hibernate.type.descriptor.sql.internal.DdlTypeImpl@4f89331f)
[INFO ] 2023-12-06 18:48:34.846 [Test worker] JtaPlatformInitiator - HHH000489: No JTA platform available (set 'hibernate.transaction.jta.platform' to enable JTA platform integration)
[INFO ] 2023-12-06 18:48:34.888 [Test worker] access - HHH10001501: Connection obtained from JdbcConnectionAccess [org.hibernate.engine.jdbc.env.internal.JdbcEnvironmentInitiator$ConnectionProviderJdbcConnectionAccess@3ce7490a] for (non-JTA) DDL execution was not in auto-commit mode; the Connection 'local transaction' will be committed and the Connection will be set into auto-commit mode.
[DEBUG] 2023-12-06 18:48:35.100 [Test worker] SQL - insert into Client (Name,finances) values (?,?)
Hibernate: insert into Client (Name,finances) values (?,?)
[DEBUG] 2023-12-06 18:48:35.190 [Test worker] SQL - select c1_0.id,c1_0.Name,c1_0.finances,o1_0.client_id,o1_0.id,o1_0.amount,o1_0.isDeleted from Client c1_0 left join obligations o1_0 on c1_0.id=o1_0.client_id where c1_0.id=?
Hibernate: select c1_0.id,c1_0.Name,c1_0.finances,o1_0.client_id,o1_0.id,o1_0.amount,o1_0.isDeleted from Client c1_0 left join obligations o1_0 on c1_0.id=o1_0.client_id where c1_0.id=?
[DEBUG] 2023-12-06 18:48:35.208 [Test worker] SQL - select tc1_0.client_id,tc1_1.id,tc1_1.income,tc1_1.name from ClientTransportCompany tc1_0 join TransportCompany tc1_1 on tc1_1.id=tc1_0.company_id where tc1_0.client_id=?
Hibernate: select tc1_0.client_id,tc1_1.id,tc1_1.income,tc1_1.name from ClientTransportCompany tc1_0 join TransportCompany tc1_1 on tc1_1.id=tc1_0.company_id where tc1_0.client_id=?
]]></system-out>
  <system-err><![CDATA[]]></system-err>
</testsuite>
