<?xml version="1.0" encoding="UTF-8"?>
<testsuite name="ExcelReaderWriterTest" tests="1" skipped="0" failures="0" errors="0" timestamp="2023-12-07T11:12:54" hostname="GAMER-PC" time="3.988">
  <properties/>
  <testcase name="testRead()" classname="ExcelReaderWriterTest" time="3.988"/>
  <system-out><![CDATA[[INFO ] 2023-12-07 13:12:54.875 [Test worker] Version - HHH000412: Hibernate ORM core version 6.3.1.Final
[INFO ] 2023-12-07 13:12:54.882 [Test worker] Environment - HHH000205: Loaded properties from resource hibernate.properties: {hibernate.connection.driver_class=com.mysql.cj.jdbc.Driver, hibernate.dialect.storage_engine=innodb, hibernate.hbm2ddl.auto=update, hibernate.dialect=org.hibernate.dialect.MySQL5Dialect, hibernate.connection.password=****, hibernate.connection.username=root, hibernate.connection.url=jdbc:mysql://localhost:3306/TransportCompany?createDatabaseIfNotExist=true&useSSL=true, hibernate.show_sql=true}
[INFO ] 2023-12-07 13:12:54.963 [Test worker] RegionFactoryInitiator - HHH000026: Second-level cache disabled
[WARN ] 2023-12-07 13:12:55.101 [Test worker] pooling - HHH10001002: Using built-in connection pool (not intended for production use)
[INFO ] 2023-12-07 13:12:55.106 [Test worker] pooling - HHH10001005: Loaded JDBC driver class: com.mysql.cj.jdbc.Driver
[INFO ] 2023-12-07 13:12:55.106 [Test worker] pooling - HHH10001012: Connecting with JDBC URL [jdbc:mysql://localhost:3306/TransportCompany?createDatabaseIfNotExist=true&useSSL=true]
[INFO ] 2023-12-07 13:12:55.106 [Test worker] pooling - HHH10001001: Connection properties: {password=****, user=root}
[INFO ] 2023-12-07 13:12:55.106 [Test worker] pooling - HHH10001003: Autocommit mode: false
[INFO ] 2023-12-07 13:12:55.111 [Test worker] pooling - HHH10001115: Connection pool size: 20 (min=1)
[WARN ] 2023-12-07 13:12:55.562 [Test worker] deprecation - HHH90000025: MySQL5Dialect does not need to be specified explicitly using 'hibernate.dialect' (remove the property setting and it will be selected by default)
[DEBUG] 2023-12-07 13:12:55.592 [Test worker] DdlTypeRegistry - addDescriptor(12, org.hibernate.type.descriptor.sql.internal.CapacityDependentDdlType@50fb33a) replaced previous registration(org.hibernate.type.descriptor.sql.internal.CapacityDependentDdlType@2cae9b8)
[DEBUG] 2023-12-07 13:12:55.592 [Test worker] DdlTypeRegistry - addDescriptor(-9, org.hibernate.type.descriptor.sql.internal.CapacityDependentDdlType@1457fde) replaced previous registration(org.hibernate.type.descriptor.sql.internal.CapacityDependentDdlType@6f94fb9d)
[DEBUG] 2023-12-07 13:12:55.592 [Test worker] DdlTypeRegistry - addDescriptor(-3, org.hibernate.type.descriptor.sql.internal.CapacityDependentDdlType@17fa1336) replaced previous registration(org.hibernate.type.descriptor.sql.internal.CapacityDependentDdlType@4228bf58)
[DEBUG] 2023-12-07 13:12:55.593 [Test worker] DdlTypeRegistry - addDescriptor(4003, org.hibernate.type.descriptor.sql.internal.DdlTypeImpl@68b9834c) replaced previous registration(org.hibernate.type.descriptor.sql.internal.DdlTypeImpl@20b9d5d5)
[DEBUG] 2023-12-07 13:12:55.593 [Test worker] DdlTypeRegistry - addDescriptor(4001, org.hibernate.type.descriptor.sql.internal.DdlTypeImpl@671d1157) replaced previous registration(org.hibernate.type.descriptor.sql.internal.DdlTypeImpl@60c8a093)
[DEBUG] 2023-12-07 13:12:55.593 [Test worker] DdlTypeRegistry - addDescriptor(4002, org.hibernate.type.descriptor.sql.internal.DdlTypeImpl@44cffc25) replaced previous registration(org.hibernate.type.descriptor.sql.internal.DdlTypeImpl@2a369e14)
[DEBUG] 2023-12-07 13:12:55.593 [Test worker] DdlTypeRegistry - addDescriptor(2004, org.hibernate.type.descriptor.sql.internal.CapacityDependentDdlType@25aeb5ac) replaced previous registration(org.hibernate.type.descriptor.sql.internal.DdlTypeImpl@c755b2)
[DEBUG] 2023-12-07 13:12:55.593 [Test worker] DdlTypeRegistry - addDescriptor(2005, org.hibernate.type.descriptor.sql.internal.CapacityDependentDdlType@3bd2af5b) replaced previous registration(org.hibernate.type.descriptor.sql.internal.DdlTypeImpl@250a500b)
[DEBUG] 2023-12-07 13:12:55.594 [Test worker] DdlTypeRegistry - addDescriptor(2011, org.hibernate.type.descriptor.sql.internal.CapacityDependentDdlType@75d982d3) replaced previous registration(org.hibernate.type.descriptor.sql.internal.DdlTypeImpl@4f89331f)
[INFO ] 2023-12-07 13:12:57.213 [Test worker] JtaPlatformInitiator - HHH000489: No JTA platform available (set 'hibernate.transaction.jta.platform' to enable JTA platform integration)
[INFO ] 2023-12-07 13:12:57.259 [Test worker] access - HHH10001501: Connection obtained from JdbcConnectionAccess [org.hibernate.engine.jdbc.env.internal.JdbcEnvironmentInitiator$ConnectionProviderJdbcConnectionAccess@717a8a76] for (non-JTA) DDL execution was not in auto-commit mode; the Connection 'local transaction' will be committed and the Connection will be set into auto-commit mode.
[DEBUG] 2023-12-07 13:12:58.070 [Test worker] SQL - select tv1_0.id,c1_0.id,de1_0.company_id,de1_0.id,de1_0.name,de1_0.salary,c1_0.income,c1_0.name,tv1_0.vehicleType from TransportVehicle tv1_0 left join TransportCompany c1_0 on c1_0.id=tv1_0.company_id left join DriverEmployee de1_0 on c1_0.id=de1_0.company_id where tv1_0.id=?
Hibernate: select tv1_0.id,c1_0.id,de1_0.company_id,de1_0.id,de1_0.name,de1_0.salary,c1_0.income,c1_0.name,tv1_0.vehicleType from TransportVehicle tv1_0 left join TransportCompany c1_0 on c1_0.id=tv1_0.company_id left join DriverEmployee de1_0 on c1_0.id=de1_0.company_id where tv1_0.id=?
[DEBUG] 2023-12-07 13:12:58.105 [Test worker] SQL - select q1_0.driver_id,q1_0.id,q1_0.name from Qualification q1_0 where q1_0.driver_id=?
Hibernate: select q1_0.driver_id,q1_0.id,q1_0.name from Qualification q1_0 where q1_0.driver_id=?
[DEBUG] 2023-12-07 13:12:58.112 [Test worker] SQL - select m1_0.vehicle_id,m1_0.id,m1_0.PriceForMission,m1_0.content,m1_0.dateOfArrival,m1_0.dateOfDeparture,m1_0.departureArrivalPoint,m1_0.departureStartingPoint,d1_0.id,c1_0.id,c1_0.income,c1_0.name,d1_0.name,d1_0.salary,m1_0.weight from TransportVehicleMission m1_0 left join DriverEmployee d1_0 on d1_0.id=m1_0.driver_id left join TransportCompany c1_0 on c1_0.id=d1_0.company_id where m1_0.vehicle_id=?
Hibernate: select m1_0.vehicle_id,m1_0.id,m1_0.PriceForMission,m1_0.content,m1_0.dateOfArrival,m1_0.dateOfDeparture,m1_0.departureArrivalPoint,m1_0.departureStartingPoint,d1_0.id,c1_0.id,c1_0.income,c1_0.name,d1_0.name,d1_0.salary,m1_0.weight from TransportVehicleMission m1_0 left join DriverEmployee d1_0 on d1_0.id=m1_0.driver_id left join TransportCompany c1_0 on c1_0.id=d1_0.company_id where m1_0.vehicle_id=?
[DEBUG] 2023-12-07 13:12:58.117 [Test worker] SQL - select v1_0.company_id,v1_0.id,v1_0.vehicleType from TransportVehicle v1_0 where v1_0.company_id=?
Hibernate: select v1_0.company_id,v1_0.id,v1_0.vehicleType from TransportVehicle v1_0 where v1_0.company_id=?
[DEBUG] 2023-12-07 13:12:58.120 [Test worker] SQL - select m1_0.driver_id,m1_0.id,m1_0.PriceForMission,m1_0.content,m1_0.dateOfArrival,m1_0.dateOfDeparture,m1_0.departureArrivalPoint,m1_0.departureStartingPoint,v1_0.id,c1_0.id,c1_0.income,c1_0.name,v1_0.vehicleType,m1_0.weight from TransportVehicleMission m1_0 left join TransportVehicle v1_0 on v1_0.id=m1_0.vehicle_id left join TransportCompany c1_0 on c1_0.id=v1_0.company_id where m1_0.driver_id=?
Hibernate: select m1_0.driver_id,m1_0.id,m1_0.PriceForMission,m1_0.content,m1_0.dateOfArrival,m1_0.dateOfDeparture,m1_0.departureArrivalPoint,m1_0.departureStartingPoint,v1_0.id,c1_0.id,c1_0.income,c1_0.name,v1_0.vehicleType,m1_0.weight from TransportVehicleMission m1_0 left join TransportVehicle v1_0 on v1_0.id=m1_0.vehicle_id left join TransportCompany c1_0 on c1_0.id=v1_0.company_id where m1_0.driver_id=?
[DEBUG] 2023-12-07 13:12:58.145 [Test worker] SQL - select de1_0.id,c1_0.id,c1_0.income,c1_0.name,v1_0.company_id,v1_0.id,v1_0.vehicleType,de1_0.name,de1_0.salary from DriverEmployee de1_0 left join TransportCompany c1_0 on c1_0.id=de1_0.company_id left join TransportVehicle v1_0 on c1_0.id=v1_0.company_id where de1_0.id=?
Hibernate: select de1_0.id,c1_0.id,c1_0.income,c1_0.name,v1_0.company_id,v1_0.id,v1_0.vehicleType,de1_0.name,de1_0.salary from DriverEmployee de1_0 left join TransportCompany c1_0 on c1_0.id=de1_0.company_id left join TransportVehicle v1_0 on c1_0.id=v1_0.company_id where de1_0.id=?
[DEBUG] 2023-12-07 13:12:58.147 [Test worker] SQL - select q1_0.driver_id,q1_0.id,q1_0.name from Qualification q1_0 where q1_0.driver_id=?
Hibernate: select q1_0.driver_id,q1_0.id,q1_0.name from Qualification q1_0 where q1_0.driver_id=?
[DEBUG] 2023-12-07 13:12:58.149 [Test worker] SQL - select m1_0.driver_id,m1_0.id,m1_0.PriceForMission,m1_0.content,m1_0.dateOfArrival,m1_0.dateOfDeparture,m1_0.departureArrivalPoint,m1_0.departureStartingPoint,v1_0.id,c1_0.id,c1_0.income,c1_0.name,v1_0.vehicleType,m1_0.weight from TransportVehicleMission m1_0 left join TransportVehicle v1_0 on v1_0.id=m1_0.vehicle_id left join TransportCompany c1_0 on c1_0.id=v1_0.company_id where m1_0.driver_id=?
Hibernate: select m1_0.driver_id,m1_0.id,m1_0.PriceForMission,m1_0.content,m1_0.dateOfArrival,m1_0.dateOfDeparture,m1_0.departureArrivalPoint,m1_0.departureStartingPoint,v1_0.id,c1_0.id,c1_0.income,c1_0.name,v1_0.vehicleType,m1_0.weight from TransportVehicleMission m1_0 left join TransportVehicle v1_0 on v1_0.id=m1_0.vehicle_id left join TransportCompany c1_0 on c1_0.id=v1_0.company_id where m1_0.driver_id=?
[DEBUG] 2023-12-07 13:12:58.153 [Test worker] SQL - select m1_0.vehicle_id,m1_0.id,m1_0.PriceForMission,m1_0.content,m1_0.dateOfArrival,m1_0.dateOfDeparture,m1_0.departureArrivalPoint,m1_0.departureStartingPoint,d1_0.id,c1_0.id,c1_0.income,c1_0.name,d1_0.name,d1_0.salary,m1_0.weight from TransportVehicleMission m1_0 left join DriverEmployee d1_0 on d1_0.id=m1_0.driver_id left join TransportCompany c1_0 on c1_0.id=d1_0.company_id where m1_0.vehicle_id=?
Hibernate: select m1_0.vehicle_id,m1_0.id,m1_0.PriceForMission,m1_0.content,m1_0.dateOfArrival,m1_0.dateOfDeparture,m1_0.departureArrivalPoint,m1_0.departureStartingPoint,d1_0.id,c1_0.id,c1_0.income,c1_0.name,d1_0.name,d1_0.salary,m1_0.weight from TransportVehicleMission m1_0 left join DriverEmployee d1_0 on d1_0.id=m1_0.driver_id left join TransportCompany c1_0 on c1_0.id=d1_0.company_id where m1_0.vehicle_id=?
[DEBUG] 2023-12-07 13:12:58.155 [Test worker] SQL - select de1_0.company_id,de1_0.id,de1_0.name,q1_0.driver_id,q1_0.id,q1_0.name,de1_0.salary from DriverEmployee de1_0 left join Qualification q1_0 on de1_0.id=q1_0.driver_id where de1_0.company_id=?
Hibernate: select de1_0.company_id,de1_0.id,de1_0.name,q1_0.driver_id,q1_0.id,q1_0.name,de1_0.salary from DriverEmployee de1_0 left join Qualification q1_0 on de1_0.id=q1_0.driver_id where de1_0.company_id=?
[DEBUG] 2023-12-07 13:12:58.159 [Test worker] SQL - select tv1_0.id,c1_0.id,de1_0.company_id,de1_0.id,de1_0.name,de1_0.salary,c1_0.income,c1_0.name,tv1_0.vehicleType from TransportVehicle tv1_0 left join TransportCompany c1_0 on c1_0.id=tv1_0.company_id left join DriverEmployee de1_0 on c1_0.id=de1_0.company_id where tv1_0.id=?
Hibernate: select tv1_0.id,c1_0.id,de1_0.company_id,de1_0.id,de1_0.name,de1_0.salary,c1_0.income,c1_0.name,tv1_0.vehicleType from TransportVehicle tv1_0 left join TransportCompany c1_0 on c1_0.id=tv1_0.company_id left join DriverEmployee de1_0 on c1_0.id=de1_0.company_id where tv1_0.id=?
[DEBUG] 2023-12-07 13:12:58.162 [Test worker] SQL - select q1_0.driver_id,q1_0.id,q1_0.name from Qualification q1_0 where q1_0.driver_id=?
Hibernate: select q1_0.driver_id,q1_0.id,q1_0.name from Qualification q1_0 where q1_0.driver_id=?
[DEBUG] 2023-12-07 13:12:58.164 [Test worker] SQL - select m1_0.vehicle_id,m1_0.id,m1_0.PriceForMission,m1_0.content,m1_0.dateOfArrival,m1_0.dateOfDeparture,m1_0.departureArrivalPoint,m1_0.departureStartingPoint,d1_0.id,c1_0.id,c1_0.income,c1_0.name,d1_0.name,d1_0.salary,m1_0.weight from TransportVehicleMission m1_0 left join DriverEmployee d1_0 on d1_0.id=m1_0.driver_id left join TransportCompany c1_0 on c1_0.id=d1_0.company_id where m1_0.vehicle_id=?
Hibernate: select m1_0.vehicle_id,m1_0.id,m1_0.PriceForMission,m1_0.content,m1_0.dateOfArrival,m1_0.dateOfDeparture,m1_0.departureArrivalPoint,m1_0.departureStartingPoint,d1_0.id,c1_0.id,c1_0.income,c1_0.name,d1_0.name,d1_0.salary,m1_0.weight from TransportVehicleMission m1_0 left join DriverEmployee d1_0 on d1_0.id=m1_0.driver_id left join TransportCompany c1_0 on c1_0.id=d1_0.company_id where m1_0.vehicle_id=?
[DEBUG] 2023-12-07 13:12:58.167 [Test worker] SQL - select v1_0.company_id,v1_0.id,v1_0.vehicleType from TransportVehicle v1_0 where v1_0.company_id=?
Hibernate: select v1_0.company_id,v1_0.id,v1_0.vehicleType from TransportVehicle v1_0 where v1_0.company_id=?
[DEBUG] 2023-12-07 13:12:58.170 [Test worker] SQL - select m1_0.driver_id,m1_0.id,m1_0.PriceForMission,m1_0.content,m1_0.dateOfArrival,m1_0.dateOfDeparture,m1_0.departureArrivalPoint,m1_0.departureStartingPoint,v1_0.id,c1_0.id,c1_0.income,c1_0.name,v1_0.vehicleType,m1_0.weight from TransportVehicleMission m1_0 left join TransportVehicle v1_0 on v1_0.id=m1_0.vehicle_id left join TransportCompany c1_0 on c1_0.id=v1_0.company_id where m1_0.driver_id=?
Hibernate: select m1_0.driver_id,m1_0.id,m1_0.PriceForMission,m1_0.content,m1_0.dateOfArrival,m1_0.dateOfDeparture,m1_0.departureArrivalPoint,m1_0.departureStartingPoint,v1_0.id,c1_0.id,c1_0.income,c1_0.name,v1_0.vehicleType,m1_0.weight from TransportVehicleMission m1_0 left join TransportVehicle v1_0 on v1_0.id=m1_0.vehicle_id left join TransportCompany c1_0 on c1_0.id=v1_0.company_id where m1_0.driver_id=?
[DEBUG] 2023-12-07 13:12:58.175 [Test worker] SQL - select de1_0.id,c1_0.id,c1_0.income,c1_0.name,v1_0.company_id,v1_0.id,v1_0.vehicleType,de1_0.name,de1_0.salary from DriverEmployee de1_0 left join TransportCompany c1_0 on c1_0.id=de1_0.company_id left join TransportVehicle v1_0 on c1_0.id=v1_0.company_id where de1_0.id=?
Hibernate: select de1_0.id,c1_0.id,c1_0.income,c1_0.name,v1_0.company_id,v1_0.id,v1_0.vehicleType,de1_0.name,de1_0.salary from DriverEmployee de1_0 left join TransportCompany c1_0 on c1_0.id=de1_0.company_id left join TransportVehicle v1_0 on c1_0.id=v1_0.company_id where de1_0.id=?
[DEBUG] 2023-12-07 13:12:58.178 [Test worker] SQL - select q1_0.driver_id,q1_0.id,q1_0.name from Qualification q1_0 where q1_0.driver_id=?
Hibernate: select q1_0.driver_id,q1_0.id,q1_0.name from Qualification q1_0 where q1_0.driver_id=?
[DEBUG] 2023-12-07 13:12:58.180 [Test worker] SQL - select m1_0.driver_id,m1_0.id,m1_0.PriceForMission,m1_0.content,m1_0.dateOfArrival,m1_0.dateOfDeparture,m1_0.departureArrivalPoint,m1_0.departureStartingPoint,v1_0.id,c1_0.id,c1_0.income,c1_0.name,v1_0.vehicleType,m1_0.weight from TransportVehicleMission m1_0 left join TransportVehicle v1_0 on v1_0.id=m1_0.vehicle_id left join TransportCompany c1_0 on c1_0.id=v1_0.company_id where m1_0.driver_id=?
Hibernate: select m1_0.driver_id,m1_0.id,m1_0.PriceForMission,m1_0.content,m1_0.dateOfArrival,m1_0.dateOfDeparture,m1_0.departureArrivalPoint,m1_0.departureStartingPoint,v1_0.id,c1_0.id,c1_0.income,c1_0.name,v1_0.vehicleType,m1_0.weight from TransportVehicleMission m1_0 left join TransportVehicle v1_0 on v1_0.id=m1_0.vehicle_id left join TransportCompany c1_0 on c1_0.id=v1_0.company_id where m1_0.driver_id=?
[DEBUG] 2023-12-07 13:12:58.184 [Test worker] SQL - select m1_0.vehicle_id,m1_0.id,m1_0.PriceForMission,m1_0.content,m1_0.dateOfArrival,m1_0.dateOfDeparture,m1_0.departureArrivalPoint,m1_0.departureStartingPoint,d1_0.id,c1_0.id,c1_0.income,c1_0.name,d1_0.name,d1_0.salary,m1_0.weight from TransportVehicleMission m1_0 left join DriverEmployee d1_0 on d1_0.id=m1_0.driver_id left join TransportCompany c1_0 on c1_0.id=d1_0.company_id where m1_0.vehicle_id=?
Hibernate: select m1_0.vehicle_id,m1_0.id,m1_0.PriceForMission,m1_0.content,m1_0.dateOfArrival,m1_0.dateOfDeparture,m1_0.departureArrivalPoint,m1_0.departureStartingPoint,d1_0.id,c1_0.id,c1_0.income,c1_0.name,d1_0.name,d1_0.salary,m1_0.weight from TransportVehicleMission m1_0 left join DriverEmployee d1_0 on d1_0.id=m1_0.driver_id left join TransportCompany c1_0 on c1_0.id=d1_0.company_id where m1_0.vehicle_id=?
[DEBUG] 2023-12-07 13:12:58.187 [Test worker] SQL - select de1_0.company_id,de1_0.id,de1_0.name,q1_0.driver_id,q1_0.id,q1_0.name,de1_0.salary from DriverEmployee de1_0 left join Qualification q1_0 on de1_0.id=q1_0.driver_id where de1_0.company_id=?
Hibernate: select de1_0.company_id,de1_0.id,de1_0.name,q1_0.driver_id,q1_0.id,q1_0.name,de1_0.salary from DriverEmployee de1_0 left join Qualification q1_0 on de1_0.id=q1_0.driver_id where de1_0.company_id=?
[DEBUG] 2023-12-07 13:12:58.191 [Test worker] SQL - select tv1_0.id,c1_0.id,de1_0.company_id,de1_0.id,de1_0.name,de1_0.salary,c1_0.income,c1_0.name,tv1_0.vehicleType from TransportVehicle tv1_0 left join TransportCompany c1_0 on c1_0.id=tv1_0.company_id left join DriverEmployee de1_0 on c1_0.id=de1_0.company_id where tv1_0.id=?
Hibernate: select tv1_0.id,c1_0.id,de1_0.company_id,de1_0.id,de1_0.name,de1_0.salary,c1_0.income,c1_0.name,tv1_0.vehicleType from TransportVehicle tv1_0 left join TransportCompany c1_0 on c1_0.id=tv1_0.company_id left join DriverEmployee de1_0 on c1_0.id=de1_0.company_id where tv1_0.id=?
[DEBUG] 2023-12-07 13:12:58.194 [Test worker] SQL - select q1_0.driver_id,q1_0.id,q1_0.name from Qualification q1_0 where q1_0.driver_id=?
Hibernate: select q1_0.driver_id,q1_0.id,q1_0.name from Qualification q1_0 where q1_0.driver_id=?
[DEBUG] 2023-12-07 13:12:58.197 [Test worker] SQL - select m1_0.vehicle_id,m1_0.id,m1_0.PriceForMission,m1_0.content,m1_0.dateOfArrival,m1_0.dateOfDeparture,m1_0.departureArrivalPoint,m1_0.departureStartingPoint,d1_0.id,c1_0.id,c1_0.income,c1_0.name,d1_0.name,d1_0.salary,m1_0.weight from TransportVehicleMission m1_0 left join DriverEmployee d1_0 on d1_0.id=m1_0.driver_id left join TransportCompany c1_0 on c1_0.id=d1_0.company_id where m1_0.vehicle_id=?
Hibernate: select m1_0.vehicle_id,m1_0.id,m1_0.PriceForMission,m1_0.content,m1_0.dateOfArrival,m1_0.dateOfDeparture,m1_0.departureArrivalPoint,m1_0.departureStartingPoint,d1_0.id,c1_0.id,c1_0.income,c1_0.name,d1_0.name,d1_0.salary,m1_0.weight from TransportVehicleMission m1_0 left join DriverEmployee d1_0 on d1_0.id=m1_0.driver_id left join TransportCompany c1_0 on c1_0.id=d1_0.company_id where m1_0.vehicle_id=?
[DEBUG] 2023-12-07 13:12:58.201 [Test worker] SQL - select v1_0.company_id,v1_0.id,v1_0.vehicleType from TransportVehicle v1_0 where v1_0.company_id=?
Hibernate: select v1_0.company_id,v1_0.id,v1_0.vehicleType from TransportVehicle v1_0 where v1_0.company_id=?
[DEBUG] 2023-12-07 13:12:58.203 [Test worker] SQL - select m1_0.driver_id,m1_0.id,m1_0.PriceForMission,m1_0.content,m1_0.dateOfArrival,m1_0.dateOfDeparture,m1_0.departureArrivalPoint,m1_0.departureStartingPoint,v1_0.id,c1_0.id,c1_0.income,c1_0.name,v1_0.vehicleType,m1_0.weight from TransportVehicleMission m1_0 left join TransportVehicle v1_0 on v1_0.id=m1_0.vehicle_id left join TransportCompany c1_0 on c1_0.id=v1_0.company_id where m1_0.driver_id=?
Hibernate: select m1_0.driver_id,m1_0.id,m1_0.PriceForMission,m1_0.content,m1_0.dateOfArrival,m1_0.dateOfDeparture,m1_0.departureArrivalPoint,m1_0.departureStartingPoint,v1_0.id,c1_0.id,c1_0.income,c1_0.name,v1_0.vehicleType,m1_0.weight from TransportVehicleMission m1_0 left join TransportVehicle v1_0 on v1_0.id=m1_0.vehicle_id left join TransportCompany c1_0 on c1_0.id=v1_0.company_id where m1_0.driver_id=?
[DEBUG] 2023-12-07 13:12:58.208 [Test worker] SQL - select de1_0.id,c1_0.id,c1_0.income,c1_0.name,v1_0.company_id,v1_0.id,v1_0.vehicleType,de1_0.name,de1_0.salary from DriverEmployee de1_0 left join TransportCompany c1_0 on c1_0.id=de1_0.company_id left join TransportVehicle v1_0 on c1_0.id=v1_0.company_id where de1_0.id=?
Hibernate: select de1_0.id,c1_0.id,c1_0.income,c1_0.name,v1_0.company_id,v1_0.id,v1_0.vehicleType,de1_0.name,de1_0.salary from DriverEmployee de1_0 left join TransportCompany c1_0 on c1_0.id=de1_0.company_id left join TransportVehicle v1_0 on c1_0.id=v1_0.company_id where de1_0.id=?
[DEBUG] 2023-12-07 13:12:58.211 [Test worker] SQL - select q1_0.driver_id,q1_0.id,q1_0.name from Qualification q1_0 where q1_0.driver_id=?
Hibernate: select q1_0.driver_id,q1_0.id,q1_0.name from Qualification q1_0 where q1_0.driver_id=?
[DEBUG] 2023-12-07 13:12:58.213 [Test worker] SQL - select m1_0.driver_id,m1_0.id,m1_0.PriceForMission,m1_0.content,m1_0.dateOfArrival,m1_0.dateOfDeparture,m1_0.departureArrivalPoint,m1_0.departureStartingPoint,v1_0.id,c1_0.id,c1_0.income,c1_0.name,v1_0.vehicleType,m1_0.weight from TransportVehicleMission m1_0 left join TransportVehicle v1_0 on v1_0.id=m1_0.vehicle_id left join TransportCompany c1_0 on c1_0.id=v1_0.company_id where m1_0.driver_id=?
Hibernate: select m1_0.driver_id,m1_0.id,m1_0.PriceForMission,m1_0.content,m1_0.dateOfArrival,m1_0.dateOfDeparture,m1_0.departureArrivalPoint,m1_0.departureStartingPoint,v1_0.id,c1_0.id,c1_0.income,c1_0.name,v1_0.vehicleType,m1_0.weight from TransportVehicleMission m1_0 left join TransportVehicle v1_0 on v1_0.id=m1_0.vehicle_id left join TransportCompany c1_0 on c1_0.id=v1_0.company_id where m1_0.driver_id=?
[DEBUG] 2023-12-07 13:12:58.217 [Test worker] SQL - select m1_0.vehicle_id,m1_0.id,m1_0.PriceForMission,m1_0.content,m1_0.dateOfArrival,m1_0.dateOfDeparture,m1_0.departureArrivalPoint,m1_0.departureStartingPoint,d1_0.id,c1_0.id,c1_0.income,c1_0.name,d1_0.name,d1_0.salary,m1_0.weight from TransportVehicleMission m1_0 left join DriverEmployee d1_0 on d1_0.id=m1_0.driver_id left join TransportCompany c1_0 on c1_0.id=d1_0.company_id where m1_0.vehicle_id=?
Hibernate: select m1_0.vehicle_id,m1_0.id,m1_0.PriceForMission,m1_0.content,m1_0.dateOfArrival,m1_0.dateOfDeparture,m1_0.departureArrivalPoint,m1_0.departureStartingPoint,d1_0.id,c1_0.id,c1_0.income,c1_0.name,d1_0.name,d1_0.salary,m1_0.weight from TransportVehicleMission m1_0 left join DriverEmployee d1_0 on d1_0.id=m1_0.driver_id left join TransportCompany c1_0 on c1_0.id=d1_0.company_id where m1_0.vehicle_id=?
[DEBUG] 2023-12-07 13:12:58.220 [Test worker] SQL - select de1_0.company_id,de1_0.id,de1_0.name,q1_0.driver_id,q1_0.id,q1_0.name,de1_0.salary from DriverEmployee de1_0 left join Qualification q1_0 on de1_0.id=q1_0.driver_id where de1_0.company_id=?
Hibernate: select de1_0.company_id,de1_0.id,de1_0.name,q1_0.driver_id,q1_0.id,q1_0.name,de1_0.salary from DriverEmployee de1_0 left join Qualification q1_0 on de1_0.id=q1_0.driver_id where de1_0.company_id=?
TransportVehicleMission{id=1, departureStartingPoint='New York', departureArrivalPoint='Las Vegas', dateOfDeparture=2023-12-01, dateOfArrival=2023-12-10, PriceForMission=1500.0, weight=1000.0, vehicle=TransportVehicle{id=1, vehicleType=TRUCK, company=TransportCompany{id=1, name='IskrenOODUpdated}'}, content=STOCK, driver=DriverEmployee{id=1, name='IskrenDriverUpdated'}}
TransportVehicleMission{id=2, departureStartingPoint='New York', departureArrivalPoint='Las Vegas', dateOfDeparture=2023-12-01, dateOfArrival=2023-12-10, PriceForMission=1600.0, weight=1000.0, vehicle=TransportVehicle{id=1, vehicleType=TRUCK, company=TransportCompany{id=1, name='IskrenOODUpdated}'}, content=STOCK, driver=DriverEmployee{id=1, name='IskrenDriverUpdated'}}
TransportVehicleMission{id=3, departureStartingPoint='New York', departureArrivalPoint='Las Vegas', dateOfDeparture=2023-12-01, dateOfArrival=2023-12-10, PriceForMission=1600.0, weight=1000.0, vehicle=TransportVehicle{id=1, vehicleType=TRUCK, company=TransportCompany{id=1, name='IskrenOODUpdated}'}, content=STOCK, driver=DriverEmployee{id=1, name='IskrenDriverUpdated'}}
]]></system-out>
  <system-err><![CDATA[]]></system-err>
</testsuite>
